<?xml version="1.0" encoding="UTF-8"?>
<!-- Generated by org.testng.reporters.JUnitXMLReporter -->
<testsuite hostname="DESKTOP-RFGG51U" ignored="0" name="EdgeTest" tests="1" failures="0" timestamp="2023-05-17T12:39:06 IST" time="12.392" errors="0">
  <testcase name="@BeforeMethod launchBrowser" time="10.726" classname="base.ProjectSpecificationMethod">
    <failure type="org.openqa.selenium.remote.http.ConnectionFailedException" message="Unable to establish websocket connection to http://localhost:56039/devtools/browser/eb97e41d-7526-4f11-a900-0f9b8aaee54b
Build info: version: &amp;apos;4.0.0&amp;apos;, revision: &amp;apos;3a21814679&amp;apos;
System info: host: &amp;apos;DESKTOP-RFGG51U&amp;apos;, ip: &amp;apos;192.168.1.5&amp;apos;, os.name: &amp;apos;Windows 10&amp;apos;, os.arch: &amp;apos;amd64&amp;apos;, os.version: &amp;apos;10.0&amp;apos;, java.version: &amp;apos;1.8.0_271&amp;apos;
Driver info: driver.version: EdgeDriver">
      <![CDATA[org.openqa.selenium.remote.http.ConnectionFailedException: Unable to establish websocket connection to http://localhost:56039/devtools/browser/eb97e41d-7526-4f11-a900-0f9b8aaee54b
Build info: version: '4.0.0', revision: '3a21814679'
System info: host: 'DESKTOP-RFGG51U', ip: '192.168.1.5', os.name: 'Windows 10', os.arch: 'amd64', os.version: '10.0', java.version: '1.8.0_271'
Driver info: driver.version: EdgeDriver
at org.openqa.selenium.remote.http.netty.NettyWebSocket.<init>(NettyWebSocket.java:104)
at org.openqa.selenium.remote.http.netty.NettyWebSocket.lambda$create$3(NettyWebSocket.java:137)
at org.openqa.selenium.remote.http.netty.NettyClient.openSocket(NettyClient.java:127)
at org.openqa.selenium.devtools.Connection.<init>(Connection.java:77)
at org.openqa.selenium.chromium.ChromiumDriver.lambda$new$2(ChromiumDriver.java:124)
at java.util.Optional.map(Optional.java:215)
at org.openqa.selenium.chromium.ChromiumDriver.<init>(ChromiumDriver.java:122)
at org.openqa.selenium.edge.EdgeDriver.<init>(EdgeDriver.java:49)
at org.openqa.selenium.edge.EdgeDriver.<init>(EdgeDriver.java:41)
at org.openqa.selenium.edge.EdgeDriver.<init>(EdgeDriver.java:38)
at base.ProjectSpecificationMethod.launchBrowser(ProjectSpecificationMethod.java:85)
at sun.reflect.NativeMethodAccessorImpl.invoke0(Native Method)
at sun.reflect.NativeMethodAccessorImpl.invoke(NativeMethodAccessorImpl.java:62)
at sun.reflect.DelegatingMethodAccessorImpl.invoke(DelegatingMethodAccessorImpl.java:43)
at java.lang.reflect.Method.invoke(Method.java:498)
at org.testng.internal.MethodInvocationHelper.invokeMethod(MethodInvocationHelper.java:133)
at org.testng.internal.MethodInvocationHelper.invokeMethodConsideringTimeout(MethodInvocationHelper.java:62)
at org.testng.internal.ConfigInvoker.invokeConfigurationMethod(ConfigInvoker.java:385)
at org.testng.internal.ConfigInvoker.invokeConfigurations(ConfigInvoker.java:321)
at org.testng.internal.TestInvoker.runConfigMethods(TestInvoker.java:700)
at org.testng.internal.TestInvoker.invokeMethod(TestInvoker.java:527)
at org.testng.internal.TestInvoker.invokeTestMethod(TestInvoker.java:173)
at org.testng.internal.MethodRunner.runInSequence(MethodRunner.java:46)
at org.testng.internal.TestInvoker$MethodInvocationAgent.invoke(TestInvoker.java:824)
at org.testng.internal.TestInvoker.invokeTestMethods(TestInvoker.java:146)
at org.testng.internal.TestMethodWorker.invokeTestMethods(TestMethodWorker.java:146)
at org.testng.internal.TestMethodWorker.run(TestMethodWorker.java:128)
at java.util.ArrayList.forEach(ArrayList.java:1259)
at org.testng.TestRunner.privateRun(TestRunner.java:794)
at org.testng.TestRunner.run(TestRunner.java:596)
at org.testng.SuiteRunner.runTest(SuiteRunner.java:377)
at org.testng.SuiteRunner.access$000(SuiteRunner.java:28)
at org.testng.SuiteRunner$SuiteWorker.run(SuiteRunner.java:418)
at org.testng.internal.thread.ThreadUtil.lambda$execute$0(ThreadUtil.java:64)
at java.util.concurrent.FutureTask.run(FutureTask.java:266)
at java.util.concurrent.ThreadPoolExecutor.runWorker(ThreadPoolExecutor.java:1149)
at java.util.concurrent.ThreadPoolExecutor$Worker.run(ThreadPoolExecutor.java:624)
at java.lang.Thread.run(Thread.java:748)
]]>
    </failure>
  </testcase> <!-- @BeforeMethod launchBrowser -->
  <testcase name="@AfterMethod closeBrowser" time="-1.684307346572E9" classname="base.ProjectSpecificationMethod">
    <skipped/>
  </testcase> <!-- @AfterMethod closeBrowser -->
  <testcase name="CreateIndividuals" time="0.0" classname="testcases.TC001_CreateIndividuals">
    <skipped/>
  </testcase> <!-- CreateIndividuals -->
</testsuite> <!-- EdgeTest -->
