<?xml version="1.0" encoding="UTF-8"?>
<!-- Generated by org.testng.reporters.JUnitXMLReporter -->
<testsuite hostname="DESKTOP-RFGG51U" ignored="2" name="Test" tests="2" failures="0" timestamp="2023-03-24T12:36:35 IST" time="53.859" errors="0">
  <testcase name="verifySort" time="21.835" classname="testcases.TC005_VerifyIndividualssortorderbyName"/>
  <testcase name="createIndividualswithoutmandatoryfields" time="23.484" classname="testcases.TC004_CreateIndividualswithoutmandatoryfields"/>
  <testcase name="@BeforeSuite startReport" time="0.0" classname="base.ProjectSpecificationMethod">
    <ignored/>
  </testcase> <!-- @BeforeSuite startReport -->
  <testcase name="@AfterSuite endReport" time="0.0" classname="base.ProjectSpecificationMethod">
    <ignored/>
  </testcase> <!-- @AfterSuite endReport -->
</testsuite> <!-- Test -->
