<?xml version="1.0" encoding="UTF-8"?>
<testng-results ignored="0" total="1" passed="1" failed="0" skipped="0">
  <reporter-output>
  </reporter-output>
  <suite started-at="2023-05-23T19:04:27 IST" name="Suite" finished-at="2023-05-23T19:05:45 IST" duration-ms="78449">
    <groups>
    </groups>
    <test started-at="2023-05-23T19:04:27 IST" name="EdgeTest" finished-at="2023-05-23T19:05:45 IST" duration-ms="78449">
      <class name="testcases.TC001_CreateIndividuals">
        <test-method is-config="true" signature="startReport()[pri:0, instance:testcases.TC001_CreateIndividuals@942a29c]" started-at="2023-05-23T19:04:26 IST" name="startReport" finished-at="2023-05-23T19:04:27 IST" duration-ms="356" status="PASS">
          <reporter-output>
          </reporter-output>
        </test-method> <!-- startReport -->
        <test-method is-config="true" signature="setup()[pri:0, instance:testcases.TC001_CreateIndividuals@942a29c]" started-at="2023-05-23T19:04:27 IST" name="setup" finished-at="2023-05-23T19:04:27 IST" duration-ms="0" status="PASS">
          <reporter-output>
          </reporter-output>
        </test-method> <!-- setup -->
        <test-method is-config="true" signature="testDetails()[pri:0, instance:testcases.TC001_CreateIndividuals@942a29c]" started-at="2023-05-23T19:04:27 IST" name="testDetails" finished-at="2023-05-23T19:04:27 IST" duration-ms="16" status="PASS">
          <reporter-output>
          </reporter-output>
        </test-method> <!-- testDetails -->
        <test-method is-config="true" signature="launchBrowser(java.lang.String,java.lang.String,java.lang.String,java.lang.String)[pri:0, instance:testcases.TC001_CreateIndividuals@942a29c]" started-at="2023-05-23T19:04:32 IST" name="launchBrowser" finished-at="2023-05-23T19:05:19 IST" duration-ms="47489" status="PASS">
          <params>
            <param index="0">
              <value>
                <![CDATA[Chrome]]>
              </value>
            </param>
            <param index="1">
              <value>
                <![CDATA[https://login.salesforce.com]]>
              </value>
            </param>
            <param index="2">
              <value>
                <![CDATA[leemajosephine@testleaf.com]]>
              </value>
            </param>
            <param index="3">
              <value>
                <![CDATA[Leema.2218]]>
              </value>
            </param>
          </params>
          <reporter-output>
          </reporter-output>
        </test-method> <!-- launchBrowser -->
        <test-method signature="CreateIndividuals(java.lang.String,java.lang.String)[pri:0, instance:testcases.TC001_CreateIndividuals@942a29c]" started-at="2023-05-23T19:05:19 IST" name="CreateIndividuals" data-provider="ReadExcel" finished-at="2023-05-23T19:05:43 IST" duration-ms="23857" status="PASS">
          <params>
            <param index="0">
              <value>
                <![CDATA[Ganesh]]>
              </value>
            </param>
            <param index="1">
              <value>
                <![CDATA[Kumar]]>
              </value>
            </param>
          </params>
          <reporter-output>
          </reporter-output>
        </test-method> <!-- CreateIndividuals -->
        <test-method is-config="true" signature="closeBrowser()[pri:0, instance:testcases.TC001_CreateIndividuals@942a29c]" started-at="2023-05-23T19:05:43 IST" name="closeBrowser" finished-at="2023-05-23T19:05:45 IST" duration-ms="1910" status="PASS">
          <reporter-output>
          </reporter-output>
        </test-method> <!-- closeBrowser -->
        <test-method is-config="true" signature="endReport()[pri:0, instance:testcases.TC001_CreateIndividuals@942a29c]" started-at="2023-05-23T19:05:45 IST" name="endReport" finished-at="2023-05-23T19:05:46 IST" duration-ms="974" status="PASS">
          <reporter-output>
          </reporter-output>
        </test-method> <!-- endReport -->
      </class> <!-- testcases.TC001_CreateIndividuals -->
    </test> <!-- EdgeTest -->
  </suite> <!-- Suite -->
</testng-results>
