<?xml version="1.0" encoding="UTF-8"?>
<testsuite xmlns:xsi="http://www.w3.org/2001/XMLSchema-instance" xsi:noNamespaceSchemaLocation="https://maven.apache.org/surefire/maven-surefire-plugin/xsd/surefire-test-report-3.0.xsd" version="3.0" name="TestSuite" time="59.74" tests="2" errors="0" skipped="0" failures="0">
  <properties>
[...]
</properties>
  <testcase name="verifySort" classname="testcases.TC005_VerifyIndividualssortorderbyName" time="18.64">
    <system-out><![CDATA[...
... TestNG 7.4.0 by Cédric Beust (cedric@beust.com)
...

]]></system-out>
    <system-err><![CDATA[SLF4J: Failed to load class "org.slf4j.impl.StaticLoggerBinder".
SLF4J: Defaulting to no-operation (NOP) logger implementation
SLF4J: See http://www.slf4j.org/codes.html#StaticLoggerBinder for further details.
SStatratritnign gC hCrhormeoDmrievDerr i11ve3r. 01.15367.02..6563 7(20.e613 a4(047e11ad45a47e51dbf51a2e85bb1f1bd288fb14bdd628f7c48d6c2bd75c58cfb70dc5-5rfe70fsc-/rberafsn/cbh-rhaneachds-/he56ad7s2@/{56#97212@}{)# 9o12n} )p oonr tpo rt5 855430970

OOnlnyl y llocoalc aclo ncneocntnieocntsi onare sa larloew aedl.l
owPleaesde. s
eeP lehatstep ss:e/e/ chthrtopmse:dr/i/vecrh.rocmherdomriiumv.eror.gc/hsreocumriuitmy.-ocorngs/idseecrautriiotnys -fcoonrs siudgegersattioinos nosn  fkoere psiunggg eCshtroimoenDrsive onr  ksaeefep.ing
 ChromeDriver safe.
CChrhormoeDmriveeDr rwiavse rst awratse sdt asrutcecde sssufculcelsys.fu
lly.
May 17, 2023 1:00:50 PM org.openqa.selenium.remote.ProtocolHandshake createSession
INFO: Detected dialect: W3C
May 17, 2023 1:00:50 PM org.openqa.selenium.remote.ProtocolHandshake createSession
INFO: Detected dialect: W3C
May 17, 2023 1:00:52 PM org.openqa.selenium.devtools.CdpVersionFinder findNearestMatch
WARNING: Unable to find an exact match for CDP version 113, so returning the closest version found: a no-op implementation
May 17, 2023 1:00:52 PM org.openqa.selenium.devtools.CdpVersionFinder findNearestMatch
WARNING: Unable to find an exact match for CDP version 113, so returning the closest version found: a no-op implementation
May 17, 2023 1:00:52 PM org.openqa.selenium.devtools.CdpVersionFinder findNearestMatch
INFO: Unable to find CDP implementation matching 113.
May 17, 2023 1:00:52 PM org.openqa.selenium.devtools.CdpVersionFinder findNearestMatch
INFO: Unable to find CDP implementation matching 113.
May 17, 2023 1:00:52 PM org.openqa.selenium.chromium.ChromiumDriver lambda$new$3
WARNING: Unable to find version of CDP to use for . You may need to include a dependency on a specific version of the CDP using something similar to `org.seleniumhq.selenium:selenium-devtools-v86:4.0.0` where the version ("v86") matches the version of the chromium-based browser you're using and the version number of the artifact is the same as Selenium's.
May 17, 2023 1:00:52 PM org.openqa.selenium.chromium.ChromiumDriver lambda$new$3
WARNING: Unable to find version of CDP to use for . You may need to include a dependency on a specific version of the CDP using something similar to `org.seleniumhq.selenium:selenium-devtools-v86:4.0.0` where the version ("v86") matches the version of the chromium-based browser you're using and the version number of the artifact is the same as Selenium's.
]]></system-err>
  </testcase>
  <testcase name="createIndividualswithoutmandatoryfields[Ganesh, Kumar](1)" classname="testcases.TC004_CreateIndividualswithoutmandatoryfields" time="22.576"/>
</testsuite>