<?xml version="1.0" encoding="UTF-8"?>
<!-- Generated by org.testng.reporters.JUnitXMLReporter -->
<testsuite hostname="DESKTOP-RFGG51U" ignored="2" name="Test" tests="2" failures="0" timestamp="2023-05-17T12:59:26 IST" time="58.39" errors="0">
  <testcase name="verifySort" time="29.54" classname="testcases.TC005_VerifyIndividualssortorderbyName"/>
  <testcase name="createIndividualswithoutmandatoryfields" time="33.053" classname="testcases.TC004_CreateIndividualswithoutmandatoryfields"/>
  <testcase name="@BeforeSuite startReport" time="0.0" classname="base.ProjectSpecificationMethod">
    <ignored/>
  </testcase> <!-- @BeforeSuite startReport -->
  <testcase name="@AfterSuite endReport" time="0.0" classname="base.ProjectSpecificationMethod">
    <ignored/>
  </testcase> <!-- @AfterSuite endReport -->
</testsuite> <!-- Test -->
