<?xml version="1.0" encoding="UTF-8"?>
<testng-results skipped="0" failed="1" ignored="0" total="1" passed="0">
  <reporter-output>
  </reporter-output>
  <suite name="Suite" duration-ms="59892" started-at="2023-05-25T18:28:54 IST" finished-at="2023-05-25T18:29:54 IST">
    <groups>
    </groups>
    <test name="EdgeTest" duration-ms="59892" started-at="2023-05-25T18:28:54 IST" finished-at="2023-05-25T18:29:54 IST">
      <class name="testcases.TC001_CreateIndividuals">
        <test-method status="PASS" signature="startReport()[pri:0, instance:testcases.TC001_CreateIndividuals@60438a68]" name="startReport" is-config="true" duration-ms="509" started-at="2023-05-25T18:28:53 IST" finished-at="2023-05-25T18:28:54 IST">
          <reporter-output>
          </reporter-output>
        </test-method> <!-- startReport -->
        <test-method status="PASS" signature="setup()[pri:0, instance:testcases.TC001_CreateIndividuals@60438a68]" name="setup" is-config="true" duration-ms="0" started-at="2023-05-25T18:28:54 IST" finished-at="2023-05-25T18:28:54 IST">
          <reporter-output>
          </reporter-output>
        </test-method> <!-- setup -->
        <test-method status="PASS" signature="testDetails()[pri:0, instance:testcases.TC001_CreateIndividuals@60438a68]" name="testDetails" is-config="true" duration-ms="22" started-at="2023-05-25T18:28:54 IST" finished-at="2023-05-25T18:28:54 IST">
          <reporter-output>
          </reporter-output>
        </test-method> <!-- testDetails -->
        <test-method status="PASS" signature="launchBrowser(java.lang.String,java.lang.String,java.lang.String,java.lang.String)[pri:0, instance:testcases.TC001_CreateIndividuals@60438a68]" name="launchBrowser" is-config="true" duration-ms="33740" started-at="2023-05-25T18:28:57 IST" finished-at="2023-05-25T18:29:30 IST">
          <params>
            <param index="0">
              <value>
                <![CDATA[Chrome]]>
              </value>
            </param>
            <param index="1">
              <value>
                <![CDATA[https://login.salesforce.com]]>
              </value>
            </param>
            <param index="2">
              <value>
                <![CDATA[leemajosephine@testleaf.com]]>
              </value>
            </param>
            <param index="3">
              <value>
                <![CDATA[Leema.2218]]>
              </value>
            </param>
          </params>
          <reporter-output>
          </reporter-output>
        </test-method> <!-- launchBrowser -->
        <test-method status="FAIL" signature="CreateIndividuals(java.lang.String,java.lang.String)[pri:0, instance:testcases.TC001_CreateIndividuals@60438a68]" name="CreateIndividuals" duration-ms="22959" started-at="2023-05-25T18:29:30 IST" data-provider="ReadExcel" finished-at="2023-05-25T18:29:53 IST">
          <params>
            <param index="0">
              <value>
                <![CDATA[Ganesh]]>
              </value>
            </param>
            <param index="1">
              <value>
                <![CDATA[Kumar]]>
              </value>
            </param>
          </params>
          <exception class="org.openqa.selenium.NoSuchElementException">
            <message>
              <![CDATA[no such element: Unable to locate element: {"method":"xpath","selector":"//span[@class='toastMessage slds-text-heading--small forceActionsText']"}
  (Session info: chrome=113.0.5672.127)
For documentation on this error, please visit: https://selenium.dev/exceptions/#no_such_element
Build info: version: '4.0.0', revision: '3a21814679'
System info: host: 'DESKTOP-RFGG51U', ip: '192.168.1.5', os.name: 'Windows 10', os.arch: 'amd64', os.version: '10.0', java.version: '1.8.0_271'
Driver info: org.openqa.selenium.chrome.ChromeDriver
Command: [ee87cce434bafb0b0d7b1a3bf61b383c, findElement {using=xpath, value=//span[@class='toastMessage slds-text-heading--small forceActionsText']}]
Capabilities {acceptInsecureCerts: false, browserName: chrome, browserVersion: 113.0.5672.127, chrome: {chromedriverVersion: 113.0.5672.63 (0e1a4471d5ae..., userDataDir: C:\Users\Admin\AppData\Loca...}, goog:chromeOptions: {debuggerAddress: localhost:61602}, javascriptEnabled: true, networkConnectionEnabled: false, pageLoadStrategy: normal, platform: WINDOWS, platformName: WINDOWS, proxy: Proxy(), se:cdp: ws://localhost:61602/devtoo..., se:cdpVersion: 113.0.5672.127, setWindowRect: true, strictFileInteractability: false, timeouts: {implicit: 0, pageLoad: 300000, script: 30000}, unhandledPromptBehavior: dismiss and notify, webauthn:extension:credBlob: true, webauthn:extension:largeBlob: true, webauthn:extension:minPinLength: true, webauthn:extension:prf: true, webauthn:virtualAuthenticators: true}
Session ID: ee87cce434bafb0b0d7b1a3bf61b383c]]>
            </message>
            <full-stacktrace>
              <![CDATA[org.openqa.selenium.NoSuchElementException: no such element: Unable to locate element: {"method":"xpath","selector":"//span[@class='toastMessage slds-text-heading--small forceActionsText']"}
  (Session info: chrome=113.0.5672.127)
For documentation on this error, please visit: https://selenium.dev/exceptions/#no_such_element
Build info: version: '4.0.0', revision: '3a21814679'
System info: host: 'DESKTOP-RFGG51U', ip: '192.168.1.5', os.name: 'Windows 10', os.arch: 'amd64', os.version: '10.0', java.version: '1.8.0_271'
Driver info: org.openqa.selenium.chrome.ChromeDriver
Command: [ee87cce434bafb0b0d7b1a3bf61b383c, findElement {using=xpath, value=//span[@class='toastMessage slds-text-heading--small forceActionsText']}]
Capabilities {acceptInsecureCerts: false, browserName: chrome, browserVersion: 113.0.5672.127, chrome: {chromedriverVersion: 113.0.5672.63 (0e1a4471d5ae..., userDataDir: C:\Users\Admin\AppData\Loca...}, goog:chromeOptions: {debuggerAddress: localhost:61602}, javascriptEnabled: true, networkConnectionEnabled: false, pageLoadStrategy: normal, platform: WINDOWS, platformName: WINDOWS, proxy: Proxy(), se:cdp: ws://localhost:61602/devtoo..., se:cdpVersion: 113.0.5672.127, setWindowRect: true, strictFileInteractability: false, timeouts: {implicit: 0, pageLoad: 300000, script: 30000}, unhandledPromptBehavior: dismiss and notify, webauthn:extension:credBlob: true, webauthn:extension:largeBlob: true, webauthn:extension:minPinLength: true, webauthn:extension:prf: true, webauthn:virtualAuthenticators: true}
Session ID: ee87cce434bafb0b0d7b1a3bf61b383c
at sun.reflect.NativeConstructorAccessorImpl.newInstance0(Native Method)
at sun.reflect.NativeConstructorAccessorImpl.newInstance(NativeConstructorAccessorImpl.java:62)
at sun.reflect.DelegatingConstructorAccessorImpl.newInstance(DelegatingConstructorAccessorImpl.java:45)
at java.lang.reflect.Constructor.newInstance(Constructor.java:423)
at org.openqa.selenium.remote.codec.w3c.W3CHttpResponseCodec.createException(W3CHttpResponseCodec.java:200)
at org.openqa.selenium.remote.codec.w3c.W3CHttpResponseCodec.decode(W3CHttpResponseCodec.java:133)
at org.openqa.selenium.remote.codec.w3c.W3CHttpResponseCodec.decode(W3CHttpResponseCodec.java:53)
at org.openqa.selenium.remote.HttpCommandExecutor.execute(HttpCommandExecutor.java:184)
at org.openqa.selenium.remote.service.DriverCommandExecutor.invokeExecute(DriverCommandExecutor.java:164)
at org.openqa.selenium.remote.service.DriverCommandExecutor.execute(DriverCommandExecutor.java:139)
at org.openqa.selenium.remote.RemoteWebDriver.execute(RemoteWebDriver.java:559)
at org.openqa.selenium.remote.ElementLocation$ElementFinder$2.findElement(ElementLocation.java:162)
at org.openqa.selenium.remote.ElementLocation.findElement(ElementLocation.java:60)
at org.openqa.selenium.remote.RemoteWebDriver.findElement(RemoteWebDriver.java:383)
at org.openqa.selenium.remote.RemoteWebDriver.findElement(RemoteWebDriver.java:375)
at pages.RecentlyViewed.individualsVerification(RecentlyViewed.java:46)
at testcases.TC001_CreateIndividuals.CreateIndividuals(TC001_CreateIndividuals.java:31)
at sun.reflect.NativeMethodAccessorImpl.invoke0(Native Method)
at sun.reflect.NativeMethodAccessorImpl.invoke(NativeMethodAccessorImpl.java:62)
at sun.reflect.DelegatingMethodAccessorImpl.invoke(DelegatingMethodAccessorImpl.java:43)
at java.lang.reflect.Method.invoke(Method.java:498)
at org.testng.internal.MethodInvocationHelper.invokeMethod(MethodInvocationHelper.java:133)
at org.testng.internal.TestInvoker.invokeMethod(TestInvoker.java:598)
at org.testng.internal.TestInvoker.invokeTestMethod(TestInvoker.java:173)
at org.testng.internal.MethodRunner.runInSequence(MethodRunner.java:46)
at org.testng.internal.TestInvoker$MethodInvocationAgent.invoke(TestInvoker.java:824)
at org.testng.internal.TestInvoker.invokeTestMethods(TestInvoker.java:146)
at org.testng.internal.TestMethodWorker.invokeTestMethods(TestMethodWorker.java:146)
at org.testng.internal.TestMethodWorker.run(TestMethodWorker.java:128)
at java.util.ArrayList.forEach(ArrayList.java:1259)
at org.testng.TestRunner.privateRun(TestRunner.java:794)
at org.testng.TestRunner.run(TestRunner.java:596)
at org.testng.SuiteRunner.runTest(SuiteRunner.java:377)
at org.testng.SuiteRunner.access$000(SuiteRunner.java:28)
at org.testng.SuiteRunner$SuiteWorker.run(SuiteRunner.java:418)
at org.testng.internal.thread.ThreadUtil.lambda$execute$0(ThreadUtil.java:64)
at java.util.concurrent.FutureTask.run(FutureTask.java:266)
at java.util.concurrent.ThreadPoolExecutor.runWorker(ThreadPoolExecutor.java:1149)
at java.util.concurrent.ThreadPoolExecutor$Worker.run(ThreadPoolExecutor.java:624)
at java.lang.Thread.run(Thread.java:748)
]]>
            </full-stacktrace>
          </exception> <!-- org.openqa.selenium.NoSuchElementException -->
          <reporter-output>
          </reporter-output>
        </test-method> <!-- CreateIndividuals -->
        <test-method status="PASS" signature="closeBrowser()[pri:0, instance:testcases.TC001_CreateIndividuals@60438a68]" name="closeBrowser" is-config="true" duration-ms="440" started-at="2023-05-25T18:29:53 IST" finished-at="2023-05-25T18:29:54 IST">
          <reporter-output>
          </reporter-output>
        </test-method> <!-- closeBrowser -->
        <test-method status="PASS" signature="endReport()[pri:0, instance:testcases.TC001_CreateIndividuals@60438a68]" name="endReport" is-config="true" duration-ms="703" started-at="2023-05-25T18:29:54 IST" finished-at="2023-05-25T18:29:55 IST">
          <reporter-output>
          </reporter-output>
        </test-method> <!-- endReport -->
      </class> <!-- testcases.TC001_CreateIndividuals -->
    </test> <!-- EdgeTest -->
  </suite> <!-- Suite -->
</testng-results>
